<?xml version="1.0" encoding="UTF-8" ?>
<testsuite tests="4" failures="0" name="edu.eci.arep.ASE.app.SparkWebServerTest" time="0.004" errors="0" skipped="0">
  <properties>
[...]
</properties>
  <testcase classname="edu.eci.arep.ASE.app.SparkWebServerTest" name="deberiaCalcularCoseno" time="0.004"/>
  <testcase classname="edu.eci.arep.ASE.app.SparkWebServerTest" name="deberiaSerPalindromo" time="0"/>
  <testcase classname="edu.eci.arep.ASE.app.SparkWebServerTest" name="deberiaCalcularSeno" time="0"/>
  <testcase classname="edu.eci.arep.ASE.app.SparkWebServerTest" name="deberiaCalcularMagnitudVector" time="0"/>
</testsuite>